Performing C++ SOURCE FILE Test CMAKE_HAVE_LIBC_PTHREAD failed with the following output:
Change Dir: /home/kirill/CMakeProjects/ftxGateway/build/Debug/CMakeFiles/CMakeTmp

Run Build Command(s):/opt/Qt/Tools/Ninja/ninja cmTC_c4276 && [1/2] Building CXX object CMakeFiles/cmTC_c4276.dir/src.cxx.o
[2/2] Linking CXX executable cmTC_c4276
FAILED: cmTC_c4276 
: && /usr/bin/g++   CMakeFiles/cmTC_c4276.dir/src.cxx.o -o cmTC_c4276   && :
/usr/bin/ld: CMakeFiles/cmTC_c4276.dir/src.cxx.o: в функции «main»:
src.cxx:(.text+0x2f): неопределённая ссылка на «pthread_create»
/usr/bin/ld: src.cxx:(.text+0x3b): неопределённая ссылка на «pthread_detach»
/usr/bin/ld: src.cxx:(.text+0x47): неопределённая ссылка на «pthread_cancel»
/usr/bin/ld: src.cxx:(.text+0x58): неопределённая ссылка на «pthread_join»
collect2: error: ld returned 1 exit status
ninja: build stopped: subcommand failed.


Source file was:
#include <pthread.h>

static void* test_func(void* data)
{
  return data;
}

int main(void)
{
  pthread_t thread;
  pthread_create(&thread, NULL, test_func, NULL);
  pthread_detach(thread);
  pthread_cancel(thread);
  pthread_join(thread, NULL);
  pthread_atfork(NULL, NULL, NULL);
  pthread_exit(NULL);

  return 0;
}

Determining if the function pthread_create exists in the pthreads failed with the following output:
Change Dir: /home/kirill/CMakeProjects/ftxGateway/build/Debug/CMakeFiles/CMakeTmp

Run Build Command(s):/opt/Qt/Tools/Ninja/ninja cmTC_cc2b4 && [1/2] Building CXX object CMakeFiles/cmTC_cc2b4.dir/CheckFunctionExists.cxx.o
[2/2] Linking CXX executable cmTC_cc2b4
FAILED: cmTC_cc2b4 
: && /usr/bin/g++ -DCHECK_FUNCTION_EXISTS=pthread_create  CMakeFiles/cmTC_cc2b4.dir/CheckFunctionExists.cxx.o -o cmTC_cc2b4  -lpthreads && :
/usr/bin/ld: невозможно найти -lpthreads
collect2: error: ld returned 1 exit status
ninja: build stopped: subcommand failed.



